<?xml version="1.0" encoding="utf-8"?><testsuites><testsuite name="pytest" errors="0" failures="0" skipped="0" tests="4" time="0.016" timestamp="2026-09-20T19:07:49.323149+00:00" hostname="9ab357adf55d"><testcase classname="test_behavior" name="test_extract_bad_column_clean_error" time="0.002" /><testcase classname="test_behavior" name="test_extract_view_clean_error" time="0.001" /><testcase classname="test_behavior" name="test_insert_invalid_pk_clean_error" time="0.001" /><testcase classname="test_behavior" name="test_errors_preserve_rows" time="0.001" /></testsuite></testsuites>