<?xml version="1.0" encoding="utf-8"?><testsuites><testsuite name="pytest" errors="0" failures="0" skipped="0" tests="4" time="0.038" timestamp="2026-09-15T01:31:58.455497+00:00" hostname="b09713f23497"><testcase classname="test_behavior" name="test_insert_simple" time="0.002" /><testcase classname="test_behavior" name="test_insert_from_stdin" time="0.001" /><testcase classname="test_behavior" name="test_insert_csv_detect_types_leaves_existing_table_alone" time="0.001" /><testcase classname="test_behavior" name="test_insert_csv_detect_types_new_table" time="0.001" /></testsuite></testsuites>