<?xml version="1.0" encoding="utf-8"?><testsuites name="pytest tests"><testsuite name="pytest" errors="0" failures="0" skipped="0" tests="6" time="0.010" timestamp="2026-09-15T01:34:57.550646+00:00" hostname="530fa8e03c5f"><testcase classname="test_behavior" name="test_ndjson_api[ndjson]" time="0.000" /><testcase classname="test_behavior" name="test_ndjson_api[jsonl]" time="0.000" /><testcase classname="test_behavior" name="test_ndjson_api[jl]" time="0.000" /><testcase classname="test_behavior" name="test_ndjson_cli[ndjson]" time="0.002" /><testcase classname="test_behavior" name="test_ndjson_cli[jsonl]" time="0.001" /><testcase classname="test_behavior" name="test_ndjson_cli[jl]" time="0.001" /></testsuite></testsuites>