<?xml version="1.0" encoding="utf-8"?><testsuites><testsuite name="pytest" errors="0" failures="0" skipped="0" tests="7" time="0.008" timestamp="2026-09-15T04:54:38.530859+00:00" hostname="f5fb69646c4e"><testcase classname="test_assist_smoke" name="test_requirement_invalid_size[values0-0]" time="0.000" /><testcase classname="test_assist_smoke" name="test_requirement_invalid_size[values0--1]" time="0.000" /><testcase classname="test_assist_smoke" name="test_requirement_invalid_size[values0--10]" time="0.000" /><testcase classname="test_assist_smoke" name="test_requirement_invalid_size[values1-0]" time="0.000" /><testcase classname="test_assist_smoke" name="test_requirement_invalid_size[values1--1]" time="0.000" /><testcase classname="test_assist_smoke" name="test_requirement_invalid_size[values1--10]" time="0.000" /><testcase classname="test_assist_smoke" name="test_requirement_no_input_consumption" time="0.000" /></testsuite></testsuites>