<?xml version="1.0" encoding="utf-8"?><testsuites><testsuite name="pytest" errors="0" failures="0" skipped="0" tests="4" time="0.009" timestamp="2026-09-15T04:54:34.079897+00:00" hostname="3eebc07bf237"><testcase classname="test_utils" name="test_chunks[1-expected0]" time="0.000" /><testcase classname="test_utils" name="test_chunks[2-expected1]" time="0.000" /><testcase classname="test_utils" name="test_chunks[3-expected2]" time="0.000" /><testcase classname="test_utils" name="test_chunks[4-expected3]" time="0.000" /></testsuite></testsuites>