<?xml version="1.0" encoding="utf-8"?><testsuites><testsuite name="pytest" errors="0" failures="0" skipped="0" tests="3" time="0.007" timestamp="2026-09-15T04:54:36.304888+00:00" hostname="40ba1a0413ca"><testcase classname="test_assist_smoke" name="test_regression_positive_sizes[values0-2-expected0]" time="0.000" /><testcase classname="test_assist_smoke" name="test_regression_positive_sizes[values1-2-expected1]" time="0.000" /><testcase classname="test_assist_smoke" name="test_regression_positive_sizes[values2-1-expected2]" time="0.000" /></testsuite></testsuites>