<?xml version="1.0" encoding="utf-8"?><testsuites name="pytest tests"><testsuite name="pytest" errors="0" failures="0" skipped="0" tests="7" time="0.007" timestamp="2026-09-15T01:34:55.466526+00:00" hostname="8ed432c83abe"><testcase classname="test_behavior" name="test_existing_formats[csv-csv]" time="0.000" /><testcase classname="test_behavior" name="test_existing_formats[json-json]" time="0.000" /><testcase classname="test_behavior" name="test_existing_formats[js-json]" time="0.000" /><testcase classname="test_behavior" name="test_existing_formats[xls-xls]" time="0.000" /><testcase classname="test_behavior" name="test_existing_formats[xlsx-xlsx]" time="0.000" /><testcase classname="test_behavior" name="test_existing_formats[dbf-dbf]" time="0.000" /><testcase classname="test_behavior" name="test_existing_formats[invalid-None]" time="0.000" /></testsuite></testsuites>