<?xml version="1.0" encoding="utf-8"?><testsuites><testsuite name="pytest" errors="0" failures="0" skipped="0" tests="4" time="0.084" timestamp="2026-09-20T19:27:14.300679+00:00" hostname="1269be696af0"><testcase classname="test_behavior" name="test_bom[In2CSV]" time="0.001" /><testcase classname="test_behavior" name="test_bom[CSVFormat]" time="0.000" /><testcase classname="test_behavior" name="test_bom_option_excluded[CSVPy]" time="0.000" /><testcase classname="test_behavior" name="test_bom_option_excluded[SQL2CSV]" time="0.000" /></testsuite></testsuites>