<?xml version="1.0" encoding="utf-8"?><testsuites><testsuite name="pytest" errors="0" failures="0" skipped="0" tests="6" time="0.011" timestamp="2026-09-20T19:50:46.832211+00:00" hostname="dbe21a1be5c9"><testcase classname="test_behavior" name="test_implicit_compound_foreign_key_resolves_pk_declaration_order" time="0.000" /><testcase classname="test_behavior" name="test_transform_implicit_compound_foreign_key_stays_valid" time="0.001" /><testcase classname="test_behavior" name="test_create_compound_foreign_key_guesses_pk_declaration_order" time="0.000" /><testcase classname="test_behavior" name="test_add_compound_foreign_key_guesses_pk_declaration_order" time="0.001" /><testcase classname="test_behavior" name="test_pks_use_primary_key_declaration_order" time="0.000" /><testcase classname="test_behavior" name="test_transformed_pk_order" time="0.000" /></testsuite></testsuites>