<?xml version="1.0" encoding="utf-8"?><testsuites><testsuite name="pytest" errors="0" failures="0" skipped="0" tests="4" time="0.009" timestamp="2026-09-19T20:25:43.220104+00:00" hostname="ada817d6b59f"><testcase classname="test_behavior" name="test_transform_with_unique_constraint_implicit_index" time="0.001" /><testcase classname="test_behavior" name="test_transform_preserves_composite_unique_constraint" time="0.001" /><testcase classname="test_behavior" name="test_transform_preserves_column_unique_collation" time="0.001" /><testcase classname="test_behavior" name="test_transform_drops_entire_composite_unique_constraint" time="0.000" /></testsuite></testsuites>