<?xml version="1.0" encoding="utf-8"?><testsuites><testsuite name="pytest" errors="0" failures="0" skipped="0" tests="2" time="0.034" timestamp="2026-09-15T01:31:56.075687+00:00" hostname="cecb7c7fc7eb"><testcase classname="test_behavior" name="test_insert_upsert_csv_type_overrides_detected_types[insert-extra_args0-zipcode,score\n01234,9.5\n-expected_row0]" time="0.002" /><testcase classname="test_behavior" name="test_insert_upsert_csv_type_overrides_detected_types[upsert-extra_args1-id,zipcode,score\n1,01234,9.5\n-expected_row1]" time="0.001" /></testsuite></testsuites>