<?xml version="1.0" encoding="utf-8"?><testsuites><testsuite name="pytest" errors="0" failures="0" skipped="0" tests="5" time="0.013" timestamp="2026-09-15T01:31:37.931779+00:00" hostname="dc28eda036da"><testcase classname="test_behavior" name="test_timedelta_json[60]" time="0.000" /><testcase classname="test_behavior" name="test_timedelta_json[0]" time="0.000" /><testcase classname="test_behavior" name="test_timedelta_json[-90]" time="0.000" /><testcase classname="test_behavior" name="test_timedelta_json[3600.5]" time="0.000" /><testcase classname="test_behavior" name="test_timedelta_cli" time="0.004" /></testsuite></testsuites>