<?xml version="1.0" encoding="utf-8"?><testsuites><testsuite name="pytest" errors="0" failures="0" skipped="0" tests="3" time="0.009" timestamp="2026-09-20T19:45:10.215274+00:00" hostname="b1fecdf0111d"><testcase classname="test_behavior" name="test_create_table_mixed_foreign_keys_list" time="0.001" /><testcase classname="test_behavior" name="test_create_table_mixed_foreign_keys_with_string" time="0.000" /><testcase classname="test_behavior" name="test_mixed_constraints_enforced" time="0.000" /></testsuite></testsuites>