<?xml version="1.0" encoding="utf-8"?><testsuites><testsuite name="pytest" errors="0" failures="0" skipped="0" tests="4" time="0.010" timestamp="2026-09-19T22:33:57.222226+00:00" hostname="c736137c4db9"><testcase classname="test_behavior" name="test_target[-False]" time="0.001" /><testcase classname="test_behavior" name="test_target[-True]" time="0.000" /><testcase classname="test_behavior" name="test_target[id,name\n-False]" time="0.000" /><testcase classname="test_behavior" name="test_target[id,name\n-True]" time="0.000" /></testsuite></testsuites>