<?xml version="1.0" encoding="utf-8"?><testsuites><testsuite name="pytest" errors="0" failures="0" skipped="0" tests="14" time="0.051" timestamp="2026-09-15T01:32:06.122015+00:00" hostname="5de6ec6e959c"><testcase classname="test_behavior" name="test_insert_ignore_reports_existing_row" time="0.001" /><testcase classname="test_behavior" name="test_pk_rowid_alias_on_rowid_table[upsert-rowid]" time="0.000" /><testcase classname="test_behavior" name="test_pk_rowid_alias_on_rowid_table[upsert-_rowid_]" time="0.000" /><testcase classname="test_behavior" name="test_pk_rowid_alias_on_rowid_table[upsert-oid]" time="0.000" /><testcase classname="test_behavior" name="test_pk_rowid_alias_on_rowid_table[insert_replace-rowid]" time="0.000" /><testcase classname="test_behavior" name="test_pk_rowid_alias_on_rowid_table[insert_replace-_rowid_]" time="0.000" /><testcase classname="test_behavior" name="test_pk_rowid_alias_on_rowid_table[insert_replace-oid]" time="0.000" /><testcase classname="test_behavior" name="test_pk_rowid_alias_on_rowid_table[insert_ignore-rowid]" time="0.000" /><testcase classname="test_behavior" name="test_pk_rowid_alias_on_rowid_table[insert_ignore-_rowid_]" time="0.000" /><testcase classname="test_behavior" name="test_pk_rowid_alias_on_rowid_table[insert_ignore-oid]" time="0.000" /><testcase classname="test_behavior" name="test_insert_ignore_reports_existing_row_compound_pk" time="0.000" /><testcase classname="test_behavior" name="test_insert_ignore_reports_existing_row_list_mode" time="0.000" /><testcase classname="test_behavior" name="test_insert_ignore_hash_id_reports_pk" time="0.000" /><testcase classname="test_behavior" name="test_insert_ignore_unresolvable_conflict_leaves_pk_unset" time="0.000" /></testsuite></testsuites>