<?xml version="1.0" encoding="utf-8"?><testsuites><testsuite name="pytest" errors="0" failures="0" skipped="0" tests="3" time="0.008" timestamp="2026-09-19T21:24:01.606324+00:00" hostname="2029a8f63ee5"><testcase classname="test_behavior" name="test_execute_failed_write_rolls_back_implicit_transaction" time="0.001" /><testcase classname="test_behavior" name="test_execute_failed_write_preserves_explicit_transaction" time="0.000" /><testcase classname="test_behavior" name="test_execute_failed_write_inside_atomic_preserves_block" time="0.000" /></testsuite></testsuites>