<?xml version="1.0" encoding="utf-8"?><testsuites><testsuite name="pytest" errors="0" failures="0" skipped="0" tests="8" time="0.012" timestamp="2026-09-19T18:55:17.977170+00:00" hostname="e5e3749c0b8d"><testcase classname="test_behavior" name="test_transform_in_transaction_refuses_destructive_on_delete[CASCADE]" time="0.000" /><testcase classname="test_behavior" name="test_transform_in_transaction_refuses_destructive_on_delete[SET NULL]" time="0.000" /><testcase classname="test_behavior" name="test_transform_in_transaction_refuses_destructive_on_delete[SET DEFAULT]" time="0.000" /><testcase classname="test_behavior" name="test_transform_in_transaction_refuses_destructive_on_delete[cascade]" time="0.000" /><testcase classname="test_behavior" name="test_transform_in_transaction_refuses_self_referential_cascade" time="0.000" /><testcase classname="test_behavior" name="test_transform_in_transaction_allowed_with_no_action_foreign_key" time="0.000" /><testcase classname="test_behavior" name="test_transform_in_transaction_allowed_for_child_table" time="0.000" /><testcase classname="test_behavior" name="test_transform_in_transaction_allowed_with_foreign_keys_off" time="0.000" /></testsuite></testsuites>