<?xml version="1.0" encoding="utf-8"?><testsuites><testsuite name="pytest" errors="0" failures="0" skipped="0" tests="5" time="0.011" timestamp="2026-09-19T20:57:35.915189+00:00" hostname="93d8594ec614"><testcase classname="test_behavior" name="test_foreign_key_captures_on_delete_and_on_update" time="0.000" /><testcase classname="test_behavior" name="test_foreign_key_on_delete_defaults_to_no_action" time="0.001" /><testcase classname="test_behavior" name="test_create_table_foreign_key_with_on_delete" time="0.000" /><testcase classname="test_behavior" name="test_transform_preserves_on_delete_cascade" time="0.000" /><testcase classname="test_behavior" name="test_transform_preserves_compound_foreign_key_on_delete" time="0.000" /></testsuite></testsuites>