<?xml version="1.0" encoding="utf-8"?><testsuites><testsuite name="pytest" errors="0" failures="0" skipped="0" tests="4" time="0.008" timestamp="2026-09-20T19:19:59.348938+00:00" hostname="d11c245c6939"><testcase classname="test_behavior" name="test_unknown_range_names[no-pe]" time="0.000" /><testcase classname="test_behavior" name="test_unknown_range_names[no:pe]" time="0.000" /><testcase classname="test_behavior" name="test_unknown_range_names[2026-09-20]" time="0.000" /><testcase classname="test_behavior" name="test_excluded_invalid_range_message" time="0.000" /></testsuite></testsuites>