<?xml version="1.0" encoding="utf-8"?><testsuites><testsuite name="pytest" errors="0" failures="0" skipped="0" tests="3" time="0.011" timestamp="2026-09-19T21:23:47.018551+00:00" hostname="843daeb06f2e"><testcase classname="test_behavior" name="test_execute_failed_write_rolls_back_implicit_transaction" time="0.001" /><testcase classname="test_behavior" name="test_execute_failed_write_preserves_explicit_transaction" time="0.000" /><testcase classname="test_behavior" name="test_execute_failed_write_inside_atomic_preserves_block" time="0.000" /></testsuite></testsuites>