<?xml version="1.0" encoding="utf-8"?><testsuites><testsuite name="pytest" errors="0" failures="1" skipped="0" tests="1" time="0.011" timestamp="2026-09-19T23:01:52.452010+00:00" hostname="9ea5ff55d23b"><testcase classname="test_behavior" name="test_regression" time="0.000"><failure message="assert [{'changes': ...]}, 'key': 1}] == [{'changes': ...]}, 'key': 1}]&#10;  &#10;  At index 0 diff: {'key': 1, 'changes': {'nested': [{'x': 3}, {'x': 4}]}} != {'key': 1, 'changes': {'nested': ['{&quot;x&quot;: 3}', '{&quot;x&quot;: 4}']}}&#10;  Use -v to get more diff">def test_regression():
        a=load_json(io.StringIO('[{"id":1,"nested":{"x":3}}]'),key='id')
        b=load_json(io.StringIO('[{"id":1,"nested":{"x":4}}]'),key='id')
&gt;       assert compare(a,b)['changed']==[{'key':1,'changes':{'nested':['{"x": 3}','{"x": 4}']}}]
E       assert [{'changes': ...]}, 'key': 1}] == [{'changes': ...]}, 'key': 1}]
E         
E         At index 0 diff: {'key': 1, 'changes': {'nested': [{'x': 3}, {'x': 4}]}} != {'key': 1, 'changes': {'nested': ['{"x": 3}', '{"x": 4}']}}
E         Use -v to get more diff

/trusted/test_behavior.py:24: AssertionError</failure></testcase></testsuite></testsuites>