<?xml version="1.0" encoding="utf-8"?><testsuites><testsuite name="pytest" errors="0" failures="0" skipped="0" tests="6" time="0.012" timestamp="2026-09-20T19:37:30.618480+00:00" hostname="d4d1356eb7e3"><testcase classname="test_behavior" name="test_transform_recreates_renamed_index_from_metadata" time="0.001" /><testcase classname="test_behavior" name="test_transform_rename_complex_index_errors[CREATE INDEX idx_t_name ON t(lower(name))]" time="0.001" /><testcase classname="test_behavior" name="test_transform_rename_complex_index_errors[CREATE INDEX idx_t_name ON t(name) WHERE name IS NOT NULL]" time="0.000" /><testcase classname="test_behavior" name="test_index_name_collision_behavior[name-idx_name]" time="0.001" /><testcase classname="test_behavior" name="test_index_name_collision_behavior[t-name]" time="0.001" /><testcase classname="test_behavior" name="test_index_drop_rejection_preserves_rows" time="0.000" /></testsuite></testsuites>