<?xml version="1.0" encoding="utf-8"?><testsuites><testsuite name="pytest" errors="0" failures="0" skipped="0" tests="3" time="0.012" timestamp="2026-09-19T17:33:20.995662+00:00" hostname="19c29755c546"><testcase classname="test_behavior" name="test_extract_null_values_existing_lookup_table_with_null_row" time="0.001" /><testcase classname="test_behavior" name="test_extract_repeated_into_shared_lookup_with_nulls" time="0.001" /><testcase classname="test_behavior" name="test_extract_repeated_into_shared_lookup_no_nulls" time="0.001" /></testsuite></testsuites>